c:\users\иван\documents\visual studio 2015\projects\gameengine\engine\release\engine.pdb
c:\users\иван\documents\visual studio 2015\projects\gameengine\engine\release\resourcemanager.obj
c:\users\иван\documents\visual studio 2015\projects\gameengine\engine\release\player.obj
c:\users\иван\documents\visual studio 2015\projects\gameengine\engine\release\picopng.obj
c:\users\иван\documents\visual studio 2015\projects\gameengine\engine\release\particleengine.obj
c:\users\иван\documents\visual studio 2015\projects\gameengine\engine\release\particle.obj
c:\users\иван\documents\visual studio 2015\projects\gameengine\engine\release\object.obj
c:\users\иван\documents\visual studio 2015\projects\gameengine\engine\release\menubutton.obj
c:\users\иван\documents\visual studio 2015\projects\gameengine\engine\release\lightsource.obj
c:\users\иван\documents\visual studio 2015\projects\gameengine\engine\release\iomanager.obj
c:\users\иван\documents\visual studio 2015\projects\gameengine\engine\release\inputhandler.obj
c:\users\иван\documents\visual studio 2015\projects\gameengine\engine\release\imageloader.obj
c:\users\иван\documents\visual studio 2015\projects\gameengine\engine\release\glslprogram.obj
c:\users\иван\documents\visual studio 2015\projects\gameengine\engine\release\gamestatemachine.obj
c:\users\иван\documents\visual studio 2015\projects\gameengine\engine\release\gameobjectfactory.obj
c:\users\иван\documents\visual studio 2015\projects\gameengine\engine\release\gameengine.obj
c:\users\иван\documents\visual studio 2015\projects\gameengine\engine\release\errors.obj
c:\users\иван\documents\visual studio 2015\projects\gameengine\engine\release\enemy.obj
c:\users\иван\documents\visual studio 2015\projects\gameengine\engine\release\camera3d.obj
c:\users\иван\documents\visual studio 2015\projects\gameengine\engine\release\camera2d.obj
c:\users\иван\documents\visual studio 2015\projects\gameengine\engine\release\animatedgraphic.obj
c:\users\иван\documents\visual studio 2015\projects\gameengine\engine\release\window.obj
c:\users\иван\documents\visual studio 2015\projects\gameengine\engine\release\tinyxml2.obj
c:\users\иван\documents\visual studio 2015\projects\gameengine\engine\release\timing.obj
c:\users\иван\documents\visual studio 2015\projects\gameengine\engine\release\texturecache.obj
c:\users\иван\documents\visual studio 2015\projects\gameengine\engine\release\stdafx.obj
c:\users\иван\documents\visual studio 2015\projects\gameengine\engine\release\stateparser.obj
c:\users\иван\documents\visual studio 2015\projects\gameengine\engine\release\spritebatch.obj
c:\users\иван\documents\visual studio 2015\projects\gameengine\engine\release\sprite.obj
c:\users\иван\documents\visual studio 2015\projects\gameengine\engine\release\sdlgameobject.obj
c:\users\иван\documents\visual studio 2015\projects\gameengine\release\engine.lib
c:\users\иван\documents\visual studio 2015\projects\gameengine\engine\release\engine.tlog\cl.command.1.tlog
c:\users\иван\documents\visual studio 2015\projects\gameengine\engine\release\engine.tlog\cl.read.1.tlog
c:\users\иван\documents\visual studio 2015\projects\gameengine\engine\release\engine.tlog\cl.write.1.tlog
c:\users\иван\documents\visual studio 2015\projects\gameengine\engine\release\engine.tlog\lib-link.read.1.tlog
c:\users\иван\documents\visual studio 2015\projects\gameengine\engine\release\engine.tlog\lib-link.write.1.tlog
c:\users\иван\documents\visual studio 2015\projects\gameengine\engine\release\engine.tlog\lib.command.1.tlog
