c:\users\иван\documents\visual studio 2015\projects\gameengine\engine\debug\engine.pdb
c:\users\иван\documents\visual studio 2015\projects\gameengine\engine\debug\engine.idb
c:\users\иван\documents\visual studio 2015\projects\gameengine\engine\debug\imageloader.obj
c:\users\иван\documents\visual studio 2015\projects\gameengine\engine\debug\inputhandler.obj
c:\users\иван\documents\visual studio 2015\projects\gameengine\engine\debug\iomanager.obj
c:\users\иван\documents\visual studio 2015\projects\gameengine\engine\debug\menubutton.obj
c:\users\иван\documents\visual studio 2015\projects\gameengine\engine\debug\particle.obj
c:\users\иван\documents\visual studio 2015\projects\gameengine\engine\debug\particleengine.obj
c:\users\иван\documents\visual studio 2015\projects\gameengine\engine\debug\picopng.obj
c:\users\иван\documents\visual studio 2015\projects\gameengine\engine\debug\player.obj
c:\users\иван\documents\visual studio 2015\projects\gameengine\engine\debug\resourcemanager.obj
c:\users\иван\documents\visual studio 2015\projects\gameengine\engine\debug\sdlgameobject.obj
c:\users\иван\documents\visual studio 2015\projects\gameengine\engine\debug\sprite.obj
c:\users\иван\documents\visual studio 2015\projects\gameengine\engine\debug\spritebatch.obj
c:\users\иван\documents\visual studio 2015\projects\gameengine\engine\debug\stateparser.obj
c:\users\иван\documents\visual studio 2015\projects\gameengine\engine\debug\stdafx.obj
c:\users\иван\documents\visual studio 2015\projects\gameengine\engine\debug\texturecache.obj
c:\users\иван\documents\visual studio 2015\projects\gameengine\engine\debug\timing.obj
c:\users\иван\documents\visual studio 2015\projects\gameengine\engine\debug\tinyxml2.obj
c:\users\иван\documents\visual studio 2015\projects\gameengine\engine\debug\window.obj
c:\users\иван\documents\visual studio 2015\projects\gameengine\engine\debug\animatedgraphic.obj
c:\users\иван\documents\visual studio 2015\projects\gameengine\engine\debug\camera2d.obj
c:\users\иван\documents\visual studio 2015\projects\gameengine\engine\debug\camera3d.obj
c:\users\иван\documents\visual studio 2015\projects\gameengine\engine\debug\enemy.obj
c:\users\иван\documents\visual studio 2015\projects\gameengine\engine\debug\errors.obj
c:\users\иван\documents\visual studio 2015\projects\gameengine\engine\debug\gameengine.obj
c:\users\иван\documents\visual studio 2015\projects\gameengine\engine\debug\gameobjectfactory.obj
c:\users\иван\documents\visual studio 2015\projects\gameengine\engine\debug\gamestatemachine.obj
c:\users\иван\documents\visual studio 2015\projects\gameengine\engine\debug\glslprogram.obj
c:\users\иван\documents\visual studio 2015\projects\gameengine\engine\debug\engine.tlog\cl.command.1.tlog
c:\users\иван\documents\visual studio 2015\projects\gameengine\engine\debug\engine.tlog\cl.read.1.tlog
c:\users\иван\documents\visual studio 2015\projects\gameengine\engine\debug\engine.tlog\cl.write.1.tlog
